\BOOKMARK [1][-]{section.1}{Acceleration on a pendulum bob}{}% 1
\BOOKMARK [1][-]{section.2}{Friction on a turntable}{}% 2
\BOOKMARK [1][-]{section.3}{Satellite orbit}{}% 3
\BOOKMARK [1][-]{section.4}{One-dimensional inelastic collision}{}% 4
\BOOKMARK [1][-]{section.5}{Average kinetic energy of a 3D harmonic oscillator}{}% 5
\BOOKMARK [1][-]{section.6}{Work done on a gas}{}% 6
\BOOKMARK [1][-]{section.7}{Two bar magnets}{}% 7
\BOOKMARK [1][-]{section.8}{Charge induced on an infinite conductor}{}% 8
\BOOKMARK [1][-]{section.9}{Charges on a circle}{}% 9
\BOOKMARK [1][-]{section.10}{Energy across a capacitor}{}% 10
\BOOKMARK [1][-]{section.11}{Two-lens image}{}% 11
\BOOKMARK [1][-]{section.12}{Spherical concave mirror}{}% 12
\BOOKMARK [1][-]{section.13}{Resolving two stars}{}% 13
\BOOKMARK [1][-]{section.14}{Cylindrical gamma-ray detector}{}% 14
\BOOKMARK [1][-]{section.15}{Measurement precision}{}% 15
\BOOKMARK [1][-]{section.16}{Uncertainty}{}% 16
\BOOKMARK [1][-]{section.17}{Filling electron shells}{}% 17
\BOOKMARK [1][-]{section.18}{Energy to remove a helium electron}{}% 18
\BOOKMARK [1][-]{section.19}{Source of the Sun's energy}{}% 19
\BOOKMARK [1][-]{section.20}{Definition of bremsstrahlung}{}% 20
\BOOKMARK [1][-]{section.21}{Comparing Lyman- and Balmer- wavelengths}{}% 21
\BOOKMARK [1][-]{section.22}{Orbital system parameters}{}% 22
\BOOKMARK [1][-]{section.23}{Particle accelerating around a circle}{}% 23
\BOOKMARK [1][-]{section.24}{Throwing a stone}{}% 24
\BOOKMARK [1][-]{section.25}{Moment of inertia of packed pennies}{}% 25
\BOOKMARK [1][-]{section.26}{Speed of the end of a falling rod}{}% 26
\BOOKMARK [1][-]{section.27}{Eigenvalues of the Hamiltonian operator}{}% 27
\BOOKMARK [1][-]{section.28}{Orthogonal states}{}% 28
\BOOKMARK [1][-]{section.29}{Expectation value of an operator}{}% 29
\BOOKMARK [1][-]{section.30}{Possible Hydrogen wave functions}{}% 30
\BOOKMARK [1][-]{section.31}{Energy levels in positronium}{}% 31
\BOOKMARK [1][-]{section.32}{Relativistic momentum}{}% 32
\BOOKMARK [1][-]{section.33}{Decaying pion}{}% 33
\BOOKMARK [1][-]{section.34}{Making events simultaneous}{}% 34
\BOOKMARK [1][-]{section.35}{Temperature dependence of a blackbody}{}% 35
\BOOKMARK [1][-]{section.36}{An expanding adiabatic gas}{}% 36
\BOOKMARK [1][-]{section.37}{A PV Diagram}{}% 37
\BOOKMARK [1][-]{section.38}{RLC circuit component values}{}% 38
\BOOKMARK [1][-]{section.39}{High-pass filters}{}% 39
\BOOKMARK [1][-]{section.40}{An RL circuit}{}% 40
\BOOKMARK [1][-]{section.41}{Magnetic charge in Maxwell}{}% 41
\BOOKMARK [1][-]{section.42}{Current through loops}{}% 42
\BOOKMARK [1][-]{section.43}{Angular momentum commutation relations}{}% 43
\BOOKMARK [1][-]{section.44}{Energy of a particle in a box}{}% 44
\BOOKMARK [1][-]{section.45}{Harmonic oscillator eigenstates}{}% 45
\BOOKMARK [1][-]{section.46}{Dependence of the de Broglie wavelength on a potential}{}% 46
\BOOKMARK [1][-]{section.47}{The change in entropy of an expanding container}{}% 47
\BOOKMARK [1][-]{section.48}{Estimating the root-mean-square velocity of a gas}{}% 48
\BOOKMARK [1][-]{section.49}{Partition function and degeneracy}{}% 49
\BOOKMARK [1][-]{section.50}{Speed of sound in a cold flute}{}% 50
\BOOKMARK [1][-]{section.51}{Light loss through polarizers}{}% 51
\BOOKMARK [1][-]{section.52}{Volume of a primitive unit cell}{}% 52
\BOOKMARK [1][-]{section.53}{Temperature dependence of a semiconductor's resistivity}{}% 53
\BOOKMARK [1][-]{section.54}{Estimating impulse}{}% 54
\BOOKMARK [1][-]{section.55}{Conservation of momentum at an angle}{}% 55
\BOOKMARK [1][-]{section.56}{Volume of gas required to float a mass}{}% 56
\BOOKMARK [1][-]{section.57}{Force due to a jet of water}{}% 57
\BOOKMARK [1][-]{section.58}{Deflection of a proton in electric and magnetic fields}{}% 58
\BOOKMARK [1][-]{section.59}{LC circuit-SHO equivalence}{}% 59
\BOOKMARK [1][-]{section.60}{Flux of a sheet through a sphere}{}% 60
\BOOKMARK [1][-]{section.61}{Electromagnetic wave hitting conductor}{}% 61
\BOOKMARK [1][-]{section.62}{Deriving mass from cyclotron frequency}{}% 62
\BOOKMARK [1][-]{section.63}{Deriving temperature from wavelength of peak blackbody radiation}{}% 63
\BOOKMARK [1][-]{section.64}{The many uses of electromagnetic radiation}{}% 64
\BOOKMARK [1][-]{section.65}{High-temperature limit for molar heat capacity}{}% 65
\BOOKMARK [1][-]{section.66}{Combined half-life}{}% 66
\BOOKMARK [1][-]{section.67}{Binding energy}{}% 67
\BOOKMARK [1][-]{section.68}{Possible decay modes of Beryllium}{}% 68
\BOOKMARK [1][-]{section.69}{Thin-film refraction}{}% 69
\BOOKMARK [1][-]{section.70}{Diffraction}{}% 70
\BOOKMARK [1][-]{section.71}{Doppler shift for light}{}% 71
\BOOKMARK [1][-]{section.72}{Two masses on a spring}{}% 72
\BOOKMARK [1][-]{section.73}{Suspending a mass with friction}{}% 73
\BOOKMARK [1][-]{section.74}{A Lagrangian}{}% 74
\BOOKMARK [1][-]{section.75}{Rotations}{}% 75
\BOOKMARK [1][-]{section.76}{Kinetic energy of conduction band electrons}{}% 76
\BOOKMARK [1][-]{section.77}{Number of particles in a state given the energy}{}% 77
\BOOKMARK [1][-]{section.78}{Conservation in a particle decay}{}% 78
\BOOKMARK [1][-]{section.79}{Relativistic momentum II}{}% 79
\BOOKMARK [1][-]{section.80}{Speed in a moving reference frame}{}% 80
\BOOKMARK [1][-]{section.81}{Orbital angular momentum eigenvalues}{}% 81
\BOOKMARK [1][-]{section.82}{Spin eigenfunctions for a triplet state}{}% 82
\BOOKMARK [1][-]{section.83}{Eigenstates of Sx}{}% 83
\BOOKMARK [1][-]{section.84}{Transition selection rules}{}% 84
\BOOKMARK [1][-]{section.85}{Nichrome wire}{}% 85
\BOOKMARK [1][-]{section.86}{Current induced in a spinning coil}{}% 86
\BOOKMARK [1][-]{section.87}{Two balls and a point charge}{}% 87
\BOOKMARK [1][-]{section.88}{The magnetic field of a bent wire}{}% 88
\BOOKMARK [1][-]{section.89}{Child on a merry-go-round}{}% 89
\BOOKMARK [1][-]{section.90}{Series and parallel springs}{}% 90
\BOOKMARK [1][-]{section.91}{Determining a cylinder's moment of inertia}{}% 91
\BOOKMARK [1][-]{section.92}{Hamiltonian for two particles on spring}{}% 92
\BOOKMARK [1][-]{section.93}{The most likely position of a ground-state hydrogenic electron}{}% 93
\BOOKMARK [1][-]{section.94}{Perturbation on the QHO Hamiltonian}{}% 94
\BOOKMARK [1][-]{section.95}{Electric field inside a medium}{}% 95
\BOOKMARK [1][-]{section.96}{Radiation from a pulsing sphere}{}% 96
\BOOKMARK [1][-]{section.97}{Predicting the spread of refracted light}{}% 97
\BOOKMARK [1][-]{section.98}{A quantum state in thermal equilibrium}{}% 98
\BOOKMARK [1][-]{section.99}{Relativistic energy and momentum conservation}{}% 99
\BOOKMARK [1][-]{section.100}{Michelson interferometer}{}% 100
\BOOKMARK [1][-]{section*.15}{Equation tables}{}% 101
\BOOKMARK [2][-]{section*.16}{Classical mechanics}{section*.15}% 102
\BOOKMARK [3][-]{section*.17}{Electromagnetism}{section*.16}% 103
\BOOKMARK [3][-]{section*.18}{Circuits}{section*.16}% 104
\BOOKMARK [3][-]{section*.19}{Optics}{section*.16}% 105
\BOOKMARK [3][-]{section*.20}{Relativity}{section*.16}% 106
\BOOKMARK [3][-]{section*.21}{Quantum mechanics}{section*.16}% 107
\BOOKMARK [3][-]{section*.22}{Thermal \046 statistical mechanics}{section*.16}% 108
\BOOKMARK [3][-]{section*.23}{Particle \046 atomic physics}{section*.16}% 109
\BOOKMARK [3][-]{section*.24}{Mathematical miscellany}{section*.16}% 110
\BOOKMARK [3][-]{section*.25}{E\046M spectrum wavelength values}{section*.16}% 111
\BOOKMARK [3][-]{section*.26}{Powers of 10 prefixes}{section*.16}% 112
